Traceback (most recent call last):
  File "<frozen runpy>", line 198, in _run_module_as_main
  File "<frozen runpy>", line 88, in _run_code
  File "/opt/develop/whilly-orchestrator/whilly/__main__.py", line 8, in <module>
    sys.exit(main())
             ^^^^^^
  File "/opt/develop/whilly-orchestrator/whilly/cli/__init__.py", line 521, in main
    return run_worker_command(rest)
           ^^^^^^^^^^^^^^^^^^^^^^^^
  File "/opt/develop/whilly-orchestrator/whilly/cli/worker.py", line 683, in run_worker_command
    stats = asyncio.run(
            ^^^^^^^^^^^^
  File "/opt/homebrew/Cellar/python@3.12/3.12.7_1/Frameworks/Python.framework/Versions/3.12/lib/python3.12/asyncio/runners.py", line 194, in run
    return runner.run(main)
           ^^^^^^^^^^^^^^^^
  File "/opt/homebrew/Cellar/python@3.12/3.12.7_1/Frameworks/Python.framework/Versions/3.12/lib/python3.12/asyncio/runners.py", line 118, in run
    return self._loop.run_until_complete(task)
           ^^^^^^^^^^^^^^^^^^^^^^^^^^^^^^^^^^^
  File "/opt/homebrew/Cellar/python@3.12/3.12.7_1/Frameworks/Python.framework/Versions/3.12/lib/python3.12/asyncio/base_events.py", line 687, in run_until_complete
    return future.result()
           ^^^^^^^^^^^^^^^
  File "/opt/develop/whilly-orchestrator/whilly/cli/worker.py", line 787, in _async_worker
    plan = await client.get_plan(plan_id)
           ^^^^^^^^^^^^^^^^^^^^^^^^^^^^^^
  File "/opt/develop/whilly-orchestrator/whilly/adapters/transport/client.py", line 919, in get_plan
    response = await self._request("GET", plan_path(plan_id))
               ^^^^^^^^^^^^^^^^^^^^^^^^^^^^^^^^^^^^^^^^^^^^^^
  File "/opt/develop/whilly-orchestrator/whilly/adapters/transport/client.py", line 650, in _request
    raise self._exception_from_4xx(method, path, response, body)
whilly.adapters.transport.client.HTTPClientError: GET /api/v1/plans/demo: client error (HTTP 404): {"error":"not_found","detail":"plan 'demo' not found"}
